<?xml version="1.0" encoding="UTF-8"?>
<Site BuildName="Linux-c++"
	BuildStamp="20250326-0830-Experimental"
	Name="amostafa"
	Generator="ctest-3.28.3"
	CompilerName="/usr/bin/c++"
	CompilerVersion="13.3.0"
	OSName="Linux"
	Hostname="amostafa"
	OSRelease="6.8.0-56-generic"
	OSVersion="#58-Ubuntu SMP PREEMPT_DYNAMIC Fri Feb 14 15:33:28 UTC 2025"
	OSPlatform="x86_64"
	Is64Bits="1"
	VendorString="GenuineIntel"
	VendorID="Intel Corporation"
	FamilyID="6"
	ModelID="140"
	ProcessorCacheSize="8192"
	NumberOfLogicalCPU="8"
	NumberOfPhysicalCPU="4"
	TotalVirtualMemory="0"
	TotalPhysicalMemory="15776"
	LogicalProcessorsPerPhysical="2"
	ProcessorClockFrequency="4000.04"
	>
	<Testing>
		<StartDateTime>Mar 26 14:30 EET</StartDateTime>
		<StartTestTime>1742992244</StartTestTime>
		<TestList/>
		<EndDateTime>Mar 26 14:30 EET</EndDateTime>
		<EndTestTime>1742992244</EndTestTime>
		<ElapsedMinutes>0</ElapsedMinutes>
	</Testing>
</Site>
